Determining if the pthread_create exist failed with the following output:
Change Dir: /media/jintian/Netac/CodeSpace/ng/auto_car/uisee/RFCN-FasterRCNN/mine/py-R-FCN-multiGPU/caffe/cmake-build-debug/CMakeFiles/CMakeTmp

Run Build Command:"/usr/bin/make" "cmTC_193d6/fast"
/usr/bin/make -f CMakeFiles/cmTC_193d6.dir/build.make CMakeFiles/cmTC_193d6.dir/build
make[1]: Entering directory '/media/jintian/Netac/CodeSpace/ng/auto_car/uisee/RFCN-FasterRCNN/mine/py-R-FCN-multiGPU/caffe/cmake-build-debug/CMakeFiles/CMakeTmp'
Building C object CMakeFiles/cmTC_193d6.dir/CheckSymbolExists.c.o
/usr/bin/cc    -o CMakeFiles/cmTC_193d6.dir/CheckSymbolExists.c.o   -c /media/jintian/Netac/CodeSpace/ng/auto_car/uisee/RFCN-FasterRCNN/mine/py-R-FCN-multiGPU/caffe/cmake-build-debug/CMakeFiles/CMakeTmp/CheckSymbolExists.c
Linking C executable cmTC_193d6
/opt/clion-2017.3/bin/cmake/bin/cmake -E cmake_link_script CMakeFiles/cmTC_193d6.dir/link.txt --verbose=1
/usr/bin/cc      -rdynamic CMakeFiles/cmTC_193d6.dir/CheckSymbolExists.c.o  -o cmTC_193d6 
CMakeFiles/cmTC_193d6.dir/CheckSymbolExists.c.o: In function `main':
CheckSymbolExists.c:(.text+0x16): undefined reference to `pthread_create'
collect2: error: ld returned 1 exit status
CMakeFiles/cmTC_193d6.dir/build.make:97: recipe for target 'cmTC_193d6' failed
make[1]: *** [cmTC_193d6] Error 1
make[1]: Leaving directory '/media/jintian/Netac/CodeSpace/ng/auto_car/uisee/RFCN-FasterRCNN/mine/py-R-FCN-multiGPU/caffe/cmake-build-debug/CMakeFiles/CMakeTmp'
Makefile:126: recipe for target 'cmTC_193d6/fast' failed
make: *** [cmTC_193d6/fast] Error 2

File /media/jintian/Netac/CodeSpace/ng/auto_car/uisee/RFCN-FasterRCNN/mine/py-R-FCN-multiGPU/caffe/cmake-build-debug/CMakeFiles/CMakeTmp/CheckSymbolExists.c:
/* */
#include <pthread.h>

int main(int argc, char** argv)
{
  (void)argv;
#ifndef pthread_create
  return ((int*)(&pthread_create))[argc];
#else
  (void)argc;
  return 0;
#endif
}

Determining if the function pthread_create exists in the pthreads failed with the following output:
Change Dir: /media/jintian/Netac/CodeSpace/ng/auto_car/uisee/RFCN-FasterRCNN/mine/py-R-FCN-multiGPU/caffe/cmake-build-debug/CMakeFiles/CMakeTmp

Run Build Command:"/usr/bin/make" "cmTC_2d584/fast"
/usr/bin/make -f CMakeFiles/cmTC_2d584.dir/build.make CMakeFiles/cmTC_2d584.dir/build
make[1]: Entering directory '/media/jintian/Netac/CodeSpace/ng/auto_car/uisee/RFCN-FasterRCNN/mine/py-R-FCN-multiGPU/caffe/cmake-build-debug/CMakeFiles/CMakeTmp'
Building C object CMakeFiles/cmTC_2d584.dir/CheckFunctionExists.c.o
/usr/bin/cc   -DCHECK_FUNCTION_EXISTS=pthread_create   -o CMakeFiles/cmTC_2d584.dir/CheckFunctionExists.c.o   -c /opt/clion-2017.3/bin/cmake/share/cmake-3.9/Modules/CheckFunctionExists.c
Linking C executable cmTC_2d584
/opt/clion-2017.3/bin/cmake/bin/cmake -E cmake_link_script CMakeFiles/cmTC_2d584.dir/link.txt --verbose=1
/usr/bin/cc  -DCHECK_FUNCTION_EXISTS=pthread_create    -rdynamic CMakeFiles/cmTC_2d584.dir/CheckFunctionExists.c.o  -o cmTC_2d584 -lpthreads 
/usr/bin/ld: cannot find -lpthreads
collect2: error: ld returned 1 exit status
CMakeFiles/cmTC_2d584.dir/build.make:97: recipe for target 'cmTC_2d584' failed
make[1]: *** [cmTC_2d584] Error 1
make[1]: Leaving directory '/media/jintian/Netac/CodeSpace/ng/auto_car/uisee/RFCN-FasterRCNN/mine/py-R-FCN-multiGPU/caffe/cmake-build-debug/CMakeFiles/CMakeTmp'
Makefile:126: recipe for target 'cmTC_2d584/fast' failed
make: *** [cmTC_2d584/fast] Error 2


