Determining if the pthread_create exist failed with the following output:
Change Dir: /home/jintian/Documents/unreal_caffe/examples/unreal_example/build/CMakeFiles/CMakeTmp

Run Build Command:"/usr/bin/make" "cmTC_5fc8f/fast"
/usr/bin/make -f CMakeFiles/cmTC_5fc8f.dir/build.make CMakeFiles/cmTC_5fc8f.dir/build
make[1]: Entering directory '/home/jintian/Documents/unreal_caffe/examples/unreal_example/build/CMakeFiles/CMakeTmp'
Building C object CMakeFiles/cmTC_5fc8f.dir/CheckSymbolExists.c.o
/usr/bin/cc   -fPIC    -o CMakeFiles/cmTC_5fc8f.dir/CheckSymbolExists.c.o   -c /home/jintian/Documents/unreal_caffe/examples/unreal_example/build/CMakeFiles/CMakeTmp/CheckSymbolExists.c
Linking C executable cmTC_5fc8f
/usr/local/bin/cmake -E cmake_link_script CMakeFiles/cmTC_5fc8f.dir/link.txt --verbose=1
/usr/bin/cc -fPIC     CMakeFiles/cmTC_5fc8f.dir/CheckSymbolExists.c.o  -o cmTC_5fc8f 
CMakeFiles/cmTC_5fc8f.dir/CheckSymbolExists.c.o: In function `main':
CheckSymbolExists.c:(.text+0x1b): undefined reference to `pthread_create'
collect2: error: ld returned 1 exit status
CMakeFiles/cmTC_5fc8f.dir/build.make:97: recipe for target 'cmTC_5fc8f' failed
make[1]: *** [cmTC_5fc8f] Error 1
make[1]: Leaving directory '/home/jintian/Documents/unreal_caffe/examples/unreal_example/build/CMakeFiles/CMakeTmp'
Makefile:126: recipe for target 'cmTC_5fc8f/fast' failed
make: *** [cmTC_5fc8f/fast] Error 2

File /home/jintian/Documents/unreal_caffe/examples/unreal_example/build/CMakeFiles/CMakeTmp/CheckSymbolExists.c:
/* */
#include <pthread.h>

int main(int argc, char** argv)
{
  (void)argv;
#ifndef pthread_create
  return ((int*)(&pthread_create))[argc];
#else
  (void)argc;
  return 0;
#endif
}

Determining if the function pthread_create exists in the pthreads failed with the following output:
Change Dir: /home/jintian/Documents/unreal_caffe/examples/unreal_example/build/CMakeFiles/CMakeTmp

Run Build Command:"/usr/bin/make" "cmTC_75fb3/fast"
/usr/bin/make -f CMakeFiles/cmTC_75fb3.dir/build.make CMakeFiles/cmTC_75fb3.dir/build
make[1]: Entering directory '/home/jintian/Documents/unreal_caffe/examples/unreal_example/build/CMakeFiles/CMakeTmp'
Building C object CMakeFiles/cmTC_75fb3.dir/CheckFunctionExists.c.o
/usr/bin/cc   -fPIC -DCHECK_FUNCTION_EXISTS=pthread_create   -o CMakeFiles/cmTC_75fb3.dir/CheckFunctionExists.c.o   -c /usr/local/share/cmake-3.9/Modules/CheckFunctionExists.c
Linking C executable cmTC_75fb3
/usr/local/bin/cmake -E cmake_link_script CMakeFiles/cmTC_75fb3.dir/link.txt --verbose=1
/usr/bin/cc -fPIC -DCHECK_FUNCTION_EXISTS=pthread_create    CMakeFiles/cmTC_75fb3.dir/CheckFunctionExists.c.o  -o cmTC_75fb3 -lpthreads 
/usr/bin/ld: cannot find -lpthreads
collect2: error: ld returned 1 exit status
CMakeFiles/cmTC_75fb3.dir/build.make:97: recipe for target 'cmTC_75fb3' failed
make[1]: *** [cmTC_75fb3] Error 1
make[1]: Leaving directory '/home/jintian/Documents/unreal_caffe/examples/unreal_example/build/CMakeFiles/CMakeTmp'
Makefile:126: recipe for target 'cmTC_75fb3/fast' failed
make: *** [cmTC_75fb3/fast] Error 2


